<?xml version="1.0" encoding="UTF-8"?>
<!-- Generated by org.testng.reporters.JUnitReportReporter -->
<testsuite skipped="0" hostname="AR-NB-112" name="TestRegresionMaven3.TestRegresionMaven3.Regresion" tests="1" failures="0" timestamp="12 feb 2019 19:28:56 GMT" time="76.038" errors="0">
  <testcase name="regresion" time="76.038" classname="TestRegresionMaven3.TestRegresionMaven3.Regresion"/>
</testsuite> <!-- TestRegresionMaven3.TestRegresionMaven3.Regresion -->
